IBRUN: Command is ./cgsolve
IBRUN: Command is /home/sdowell/hw2/public/CGsolver/cgsolve
IBRUN: no hostfile mod needed
IBRUN: Nodefile is /tmp/gQRGIHRVFb

Argument "4,11,18,23" isn't numeric in sprintf at /opt/sdsc/bin/ibrun line 470, <NODEFILE> line 4.
IBRUN: Adding MV2_CPU_MAPPING=4-4:5-5:6-6:7-7 to the environment
IBRUN: Adding MV2_USE_OLD_BCAST=1 to the environment
IBRUN: Adding MV2_USE_HUGEPAGES=0 to the environment
IBRUN: Adding MV2_HOMOGENEOUS_CLUSTER=0 to the environment
IBRUN: Adding MV2_ENABLE_AFFINITY=1 to the environment
IBRUN: Adding MV2_DEFAULT_TIME_OUT=23 to the environment
IBRUN: Adding MV2_USE_UD_HYBRID=0 to the environment
IBRUN: Added 7 new environment variables to the execution environment
IBRUN: Command string is [mpirun_rsh -np 4 -hostfile /tmp/gQRGIHRVFb -export /home/sdowell/hw2/public/CGsolver/cgsolve 4 out.txt]
-------------------Testing matvec------------------------------------------Testing matvec-----------------------

b[0]: 0.200000
b[1]: 0.400000
b[2]: 0.600000
b[3]: 1.800000
b[4]: 0.000000
b[5]: 0.000000
b[6]: 0.000000
b[7]: 1.000000
b[8]: 0.000000
b[9]: 0.000000
b[10]: 0.000000
b[11]: 1.000000
b[12]: 0.200000
b[13]: 0.400000
b[14]: 0.600000
b[15]: 1.800000
-------------------Testing matvec-----------------------
Proc 0: v[0] = 0.400000
Proc 0: v[1] = 0.800000
Proc 0: v[2] = 0.200000
Proc 0: v[3] = 5.600000
-------------------Testing matvec-----------------------
Proc 2: v[8] = -0.200000
Proc 3: v[12] = 0.400000
Proc 2: v[9] = -0.400000
Proc 3: v[13] = 0.800000
Proc 2: v[10] = -1.600000
Proc 3: v[14] = 0.200000
Proc 2: v[11] = 1.200000
Proc 3: v[15] = 5.600000
Proc 1: v[4] = -0.200000
Proc 1: v[5] = -0.400000
Proc 1: v[6] = -1.600000
Proc 1: v[7] = 1.200000
P1 Correct: 1
P3 Correct: 1
P2 Correct: 1
x[0] = 0.200000
Problem size (k): 4
Problem size (k): 4
Problem size (k): 4
x[1] = 0.400000
x[2] = 0.600000
Elapsed time during CGSOLVE: 0.000684
Elapsed time during CGSOLVE: 0.000684
Elapsed time during CGSOLVE: 0.000347
x[3] = 0.800000
x[4] = 0.000000
x[5] = 0.000000
x[6] = 0.000000
x[7] = 0.000000
x[8] = 0.000000
x[9] = 0.000000
x[10] = 0.000000
x[11] = 0.000000
x[12] = 0.000000
x[13] = 0.000000
x[14] = 0.000000
x[15] = 0.000000
P0 Correct: 1
Problem size (k): 4
Elapsed time during CGSOLVE: 0.000711
IBRUN: Job ended with value 0
