IBRUN: Command is ./cgsolve
IBRUN: Command is /home/sdowell/hw2/public/CGsolver/cgsolve
IBRUN: no hostfile mod needed
IBRUN: Nodefile is /tmp/g8qNYP7Zck

IBRUN: MPI binding policy: scatter/core for 1 threads per rank (12 cores per socket)
IBRUN: Adding MV2_USE_OLD_BCAST=1 to the environment
IBRUN: Adding MV2_CPU_BINDING_LEVEL=core to the environment
IBRUN: Adding MV2_ENABLE_AFFINITY=1 to the environment
IBRUN: Adding MV2_DEFAULT_TIME_OUT=23 to the environment
IBRUN: Adding MV2_CPU_BINDING_POLICY=scatter to the environment
IBRUN: Adding MV2_USE_HUGEPAGES=0 to the environment
IBRUN: Adding MV2_HOMOGENEOUS_CLUSTER=0 to the environment
IBRUN: Adding MV2_USE_UD_HYBRID=0 to the environment
IBRUN: Added 8 new environment variables to the execution environment
IBRUN: Command string is [mpirun_rsh -np 16 -hostfile /tmp/g8qNYP7Zck -export /home/sdowell/hw2/public/CGsolver/cgsolve 2000 out.txt]
P0 Correct: 0
Problem size (k): 2000
Elapsed time during CGSOLVE: 4.557335
P15 Correct: 0
Problem size (k): 2000
Elapsed time during CGSOLVE: 4.557993
P1 Correct: 0
Problem size (k): 2000
Elapsed time during CGSOLVE: 4.558060
P2 Correct: 0
Problem size (k): 2000
Elapsed time during CGSOLVE: 4.558684
P14 Correct: 0
P13 Correct: 0
Problem size (k): 2000
Problem size (k): 2000
Elapsed time during CGSOLVE: 4.559312
Elapsed time during CGSOLVE: 4.559374
P11 Correct: 0
P3 Correct: 0
Problem size (k): 2000
Problem size (k): 2000
P4 Correct: 0
P12 Correct: 0
Elapsed time during CGSOLVE: 4.559552
Problem size (k): 2000
Problem size (k): 2000
Elapsed time during CGSOLVE: 4.559525
Elapsed time during CGSOLVE: 4.559505
Elapsed time during CGSOLVE: 4.559504
P10 Correct: 0
Problem size (k): 2000
Elapsed time during CGSOLVE: 4.559612
P5 Correct: 0
Problem size (k): 2000
Elapsed time during CGSOLVE: 4.559678
P9 Correct: 0
P8 Correct: 0
Problem size (k): 2000
Problem size (k): 2000
Elapsed time during CGSOLVE: 4.560077
Elapsed time during CGSOLVE: 4.560080
P7 Correct: 0
P6 Correct: 0
Problem size (k): 2000
Problem size (k): 2000
Elapsed time during CGSOLVE: 4.560156
Elapsed time during CGSOLVE: 4.560172
IBRUN: Job ended with value 0
