IBRUN: Command is ./cgsolve
IBRUN: Command is /home/sdowell/hw2/public/CGsolver/cgsolve
IBRUN: no hostfile mod needed
IBRUN: Nodefile is /tmp/_eL5W8MJjJ

IBRUN: MPI binding policy: scatter/core for 1 threads per rank (12 cores per socket)
IBRUN: Adding MV2_USE_OLD_BCAST=1 to the environment
IBRUN: Adding MV2_CPU_BINDING_LEVEL=core to the environment
IBRUN: Adding MV2_ENABLE_AFFINITY=1 to the environment
IBRUN: Adding MV2_DEFAULT_TIME_OUT=23 to the environment
IBRUN: Adding MV2_CPU_BINDING_POLICY=scatter to the environment
IBRUN: Adding MV2_USE_HUGEPAGES=0 to the environment
IBRUN: Adding MV2_HOMOGENEOUS_CLUSTER=0 to the environment
IBRUN: Adding MV2_USE_UD_HYBRID=0 to the environment
IBRUN: Added 8 new environment variables to the execution environment
IBRUN: Command string is [mpirun_rsh -np 64 -hostfile /tmp/_eL5W8MJjJ -export /home/sdowell/hw2/public/CGsolver/cgsolve 2000 out.txt]
P8 Correct: 0
Problem size (k): 2000
Elapsed time during CGSOLVE: 0.779075
P7 Correct: 0
Problem size (k): 2000
P9 Correct: 0
Problem size (k): 2000
Elapsed time during CGSOLVE: 0.779108
Elapsed time during CGSOLVE: 0.779168
P6 Correct: 0
Problem size (k): 2000
Elapsed time during CGSOLVE: 0.779202
P10 Correct: 0
Problem size (k): 2000
Elapsed time during CGSOLVE: 0.779392
P55 Correct: 0
Problem size (k): 2000
Elapsed time during CGSOLVE: 0.743687
P21 Correct: 0
Problem size (k): 2000
Elapsed time during CGSOLVE: 0.724476
P11 Correct: 0
Problem size (k): 2000
Elapsed time during CGSOLVE: 0.779731
P5 Correct: 0
Problem size (k): 2000
P54 Correct: 0
Problem size (k): 2000
Elapsed time during CGSOLVE: 0.779856
Elapsed time during CGSOLVE: 0.743983
P53 Correct: 0
Problem size (k): 2000
Elapsed time during CGSOLVE: 0.744105
P20 Correct: 0
Problem size (k): 2000
Elapsed time during CGSOLVE: 0.724561
P56 Correct: 0
Problem size (k): 2000
Elapsed time during CGSOLVE: 0.744154
P19 Correct: 0
Problem size (k): 2000
Elapsed time during CGSOLVE: 0.724826
P57 Correct: 0
Problem size (k): 2000
P12 Correct: 0
Problem size (k): 2000
Elapsed time during CGSOLVE: 0.780007
Elapsed time during CGSOLVE: 0.744338
P4 Correct: 0
Problem size (k): 2000
Elapsed time during CGSOLVE: 0.780111
P42 Correct: 0
Problem size (k): 2000
Elapsed time during CGSOLVE: 0.736561
P13 Correct: 0
Problem size (k): 2000
Elapsed time during CGSOLVE: 0.780299
P58 Correct: 0
Problem size (k): 2000
Elapsed time during CGSOLVE: 0.744643
P3 Correct: 0
Problem size (k): 2000
Elapsed time during CGSOLVE: 0.780516
P52 Correct: 0
Problem size (k): 2000
P40 Correct: 0
P39 Correct: 0
P41 Correct: 0
Problem size (k): 2000
Problem size (k): 2000
Problem size (k): 2000
Elapsed time during CGSOLVE: 0.736672
Elapsed time during CGSOLVE: 0.736687
Elapsed time during CGSOLVE: 0.736684
P14 Correct: 0
Problem size (k): 2000
Elapsed time during CGSOLVE: 0.780560
Elapsed time during CGSOLVE: 0.744827
P43 Correct: 0
Problem size (k): 2000
P18 Correct: 0
Problem size (k): 2000
Elapsed time during CGSOLVE: 0.737282
P59 Correct: 0
Problem size (k): 2000
Elapsed time during CGSOLVE: 0.724912
Elapsed time during CGSOLVE: 0.745018
P22 Correct: 0
Problem size (k): 2000
Elapsed time during CGSOLVE: 0.724951
P17 Correct: 0
Problem size (k): 2000
P23 Correct: 0
Problem size (k): 2000
Elapsed time during CGSOLVE: 0.725145
Elapsed time during CGSOLVE: 0.725133
P51 Correct: 0
Problem size (k): 2000
Elapsed time during CGSOLVE: 0.745040
P16 Correct: 0
P24 Correct: 0
Problem size (k): 2000
Problem size (k): 2000
P15 Correct: 0
Problem size (k): 2000
Elapsed time during CGSOLVE: 0.780782
Elapsed time during CGSOLVE: 0.725537
Elapsed time during CGSOLVE: 0.725536
P38 Correct: 0
Problem size (k): 2000
Elapsed time during CGSOLVE: 0.737381
P25 Correct: 0
Problem size (k): 2000
Elapsed time during CGSOLVE: 0.725742
P2 Correct: 0
Problem size (k): 2000
P44 Correct: 0
Problem size (k): 2000
Elapsed time during CGSOLVE: 0.780970
P60 Correct: 0
Problem size (k): 2000
Elapsed time during CGSOLVE: 0.737532
Elapsed time during CGSOLVE: 0.745220
P50 Correct: 0
Problem size (k): 2000
Elapsed time during CGSOLVE: 0.745285
P26 Correct: 0
Problem size (k): 2000
Elapsed time during CGSOLVE: 0.725858
P37 Correct: 0
Problem size (k): 2000
Elapsed time during CGSOLVE: 0.737646
P45 Correct: 0
Problem size (k): 2000
Elapsed time during CGSOLVE: 0.737794
P49 Correct: 0
Problem size (k): 2000
Elapsed time during CGSOLVE: 0.745564
P36 Correct: 0
Problem size (k): 2000
Elapsed time during CGSOLVE: 0.737913
P27 Correct: 0
Problem size (k): 2000
Elapsed time during CGSOLVE: 0.726122
P1 Correct: 0
Problem size (k): 2000
Elapsed time during CGSOLVE: 0.781379
P61 Correct: 0
Problem size (k): 2000
Elapsed time during CGSOLVE: 0.745681
P46 Correct: 0
Problem size (k): 2000
Elapsed time during CGSOLVE: 0.738102
P35 Correct: 0
Problem size (k): 2000
Elapsed time during CGSOLVE: 0.738174
P47 Correct: 0
Problem size (k): 2000
P48 Correct: 0
Problem size (k): 2000
Elapsed time during CGSOLVE: 0.745875
Elapsed time during CGSOLVE: 0.738226
P28 Correct: 0
Problem size (k): 2000
Elapsed time during CGSOLVE: 0.726437
P62 Correct: 0
Problem size (k): 2000
Elapsed time during CGSOLVE: 0.745922
P63 Correct: 0
Problem size (k): 2000
Elapsed time during CGSOLVE: 0.746080
P0 Correct: 0
Problem size (k): 2000
Elapsed time during CGSOLVE: 0.781766
P34 Correct: 0
Problem size (k): 2000
Elapsed time during CGSOLVE: 0.738411
P29 Correct: 0
Problem size (k): 2000
Elapsed time during CGSOLVE: 0.726681
P33 Correct: 0
Problem size (k): 2000
Elapsed time during CGSOLVE: 0.738690
P32 Correct: 0
Problem size (k): 2000
Elapsed time during CGSOLVE: 0.738811
P30 Correct: 0
Problem size (k): 2000
Elapsed time during CGSOLVE: 0.726880
P31 Correct: 0
Problem size (k): 2000
Elapsed time during CGSOLVE: 0.727003
IBRUN: Job ended with value 0
