IBRUN: Command is ./cgsolve
IBRUN: Command is /home/sdowell/hw2/public/CGsolver/cgsolve
IBRUN: no hostfile mod needed
IBRUN: Nodefile is /tmp/qEhnom42I7

IBRUN: Adding MV2_CPU_MAPPING=0-0:1-1:2-2:3-3:4-4:5-5:6-6:7-7 to the environment
IBRUN: Adding MV2_USE_OLD_BCAST=1 to the environment
IBRUN: Adding MV2_USE_HUGEPAGES=0 to the environment
IBRUN: Adding MV2_HOMOGENEOUS_CLUSTER=0 to the environment
IBRUN: Adding MV2_ENABLE_AFFINITY=1 to the environment
IBRUN: Adding MV2_DEFAULT_TIME_OUT=23 to the environment
IBRUN: Adding MV2_USE_UD_HYBRID=0 to the environment
IBRUN: Added 7 new environment variables to the execution environment
IBRUN: Command string is [mpirun_rsh -np 8 -hostfile /tmp/qEhnom42I7 -export /home/sdowell/hw2/public/CGsolver/cgsolve 1000 out.txt]
P5 Correct: 1
Problem size (k): 1000
Elapsed time during CGSOLVE: 4.037670
P4 Correct: 1
P3 Correct: 1
Problem size (k): 1000
Problem size (k): 1000
P6 Correct: 1
Elapsed time during CGSOLVE: 4.037761
Problem size (k): 1000
Elapsed time during CGSOLVE: 4.037764
P7 Correct: 1
Problem size (k): 1000
Elapsed time during CGSOLVE: 4.037772
Elapsed time during CGSOLVE: 4.037778
P2 Correct: 1
Problem size (k): 1000
Elapsed time during CGSOLVE: 4.037845
P1 Correct: 1
Problem size (k): 1000
Elapsed time during CGSOLVE: 4.037904
P0 Correct: 1
Problem size (k): 1000
Elapsed time during CGSOLVE: 4.037916
IBRUN: Job ended with value 0
